<?xml version="1.0" encoding="UTF-8"?>
<testsuite hostname="PUNITP109424L" name="myfirstproject.dataProvider" tests="4" failures="0" timestamp="3 Apr 2019 10:47:38 GMT" time="22.653" errors="0">
  <testcase name="login" time="2.502" classname="myfirstproject.dataProvider"/>
  <testcase name="login" time="2.334" classname="myfirstproject.dataProvider"/>
  <testcase name="login" time="2.406" classname="myfirstproject.dataProvider"/>
  <testcase name="login" time="2.288" classname="myfirstproject.dataProvider"/>
</testsuite>
