<?xml version="1.0" encoding="UTF-8"?>
<!-- Generated by org.testng.reporters.JUnitXMLReporter -->
<testsuite hostname="PUNITP109424L" ignored="0" name="Default test" tests="3" failures="0" timestamp="02 Apr 2019 18:12:19 GMT" time="19.025" errors="0">
  <testcase name="login" time="2.315" classname="myfirstproject.dataProvider"/>
  <testcase name="login" time="2.18" classname="myfirstproject.dataProvider"/>
  <testcase name="login" time="2.123" classname="myfirstproject.dataProvider"/>
</testsuite> <!-- Default test -->
